[2026-01-06T06:42:54.877+0000] {processor.py:161} INFO - Started process (PID=163) to work on /opt/airflow/dags/first_dag.py
[2026-01-06T06:42:54.878+0000] {processor.py:830} INFO - Processing file /opt/airflow/dags/first_dag.py for tasks to queue
[2026-01-06T06:42:54.880+0000] {logging_mixin.py:188} INFO - [2026-01-06T06:42:54.879+0000] {dagbag.py:538} INFO - Filling up the DagBag from /opt/airflow/dags/first_dag.py
[2026-01-06T06:42:54.910+0000] {processor.py:840} INFO - DAG(s) 'my_first_dag' retrieved from /opt/airflow/dags/first_dag.py
[2026-01-06T06:42:55.112+0000] {logging_mixin.py:188} INFO - [2026-01-06T06:42:55.111+0000] {override.py:1769} INFO - Created Permission View: can delete on DAG:my_first_dag
[2026-01-06T06:42:55.116+0000] {logging_mixin.py:188} INFO - [2026-01-06T06:42:55.116+0000] {override.py:1769} INFO - Created Permission View: can read on DAG:my_first_dag
[2026-01-06T06:42:55.121+0000] {logging_mixin.py:188} INFO - [2026-01-06T06:42:55.121+0000] {override.py:1769} INFO - Created Permission View: can edit on DAG:my_first_dag
[2026-01-06T06:42:55.122+0000] {logging_mixin.py:188} INFO - [2026-01-06T06:42:55.122+0000] {dag.py:3036} INFO - Sync 1 DAGs
[2026-01-06T06:42:55.131+0000] {logging_mixin.py:188} INFO - [2026-01-06T06:42:55.131+0000] {dag.py:3058} INFO - Creating ORM DAG for my_first_dag
[2026-01-06T06:42:55.143+0000] {logging_mixin.py:188} INFO - [2026-01-06T06:42:55.143+0000] {dag.py:3823} INFO - Setting next_dagrun for my_first_dag to 2026-01-05 00:00:00+00:00, run_after=2026-01-06 00:00:00+00:00
[2026-01-06T06:42:55.156+0000] {processor.py:183} INFO - Processing /opt/airflow/dags/first_dag.py took 0.285 seconds
[2026-01-06T06:43:25.296+0000] {processor.py:161} INFO - Started process (PID=168) to work on /opt/airflow/dags/first_dag.py
[2026-01-06T06:43:25.298+0000] {processor.py:830} INFO - Processing file /opt/airflow/dags/first_dag.py for tasks to queue
[2026-01-06T06:43:25.299+0000] {logging_mixin.py:188} INFO - [2026-01-06T06:43:25.299+0000] {dagbag.py:538} INFO - Filling up the DagBag from /opt/airflow/dags/first_dag.py
[2026-01-06T06:43:25.375+0000] {processor.py:840} INFO - DAG(s) 'my_first_dag' retrieved from /opt/airflow/dags/first_dag.py
[2026-01-06T06:43:25.441+0000] {logging_mixin.py:188} INFO - [2026-01-06T06:43:25.441+0000] {dag.py:3036} INFO - Sync 1 DAGs
[2026-01-06T06:43:25.474+0000] {logging_mixin.py:188} INFO - [2026-01-06T06:43:25.474+0000] {dag.py:3823} INFO - Setting next_dagrun for my_first_dag to 2026-01-05 00:00:00+00:00, run_after=2026-01-06 00:00:00+00:00
[2026-01-06T06:43:25.492+0000] {processor.py:183} INFO - Processing /opt/airflow/dags/first_dag.py took 0.205 seconds
[2026-01-06T06:43:55.607+0000] {processor.py:161} INFO - Started process (PID=173) to work on /opt/airflow/dags/first_dag.py
[2026-01-06T06:43:55.609+0000] {processor.py:830} INFO - Processing file /opt/airflow/dags/first_dag.py for tasks to queue
[2026-01-06T06:43:55.611+0000] {logging_mixin.py:188} INFO - [2026-01-06T06:43:55.611+0000] {dagbag.py:538} INFO - Filling up the DagBag from /opt/airflow/dags/first_dag.py
[2026-01-06T06:43:55.639+0000] {processor.py:840} INFO - DAG(s) 'my_first_dag' retrieved from /opt/airflow/dags/first_dag.py
[2026-01-06T06:43:55.708+0000] {logging_mixin.py:188} INFO - [2026-01-06T06:43:55.708+0000] {dag.py:3036} INFO - Sync 1 DAGs
[2026-01-06T06:43:55.738+0000] {logging_mixin.py:188} INFO - [2026-01-06T06:43:55.738+0000] {dag.py:3823} INFO - Setting next_dagrun for my_first_dag to 2026-01-05 00:00:00+00:00, run_after=2026-01-06 00:00:00+00:00
[2026-01-06T06:43:55.754+0000] {processor.py:183} INFO - Processing /opt/airflow/dags/first_dag.py took 0.159 seconds
[2026-01-06T06:44:26.020+0000] {processor.py:161} INFO - Started process (PID=178) to work on /opt/airflow/dags/first_dag.py
[2026-01-06T06:44:26.022+0000] {processor.py:830} INFO - Processing file /opt/airflow/dags/first_dag.py for tasks to queue
[2026-01-06T06:44:26.025+0000] {logging_mixin.py:188} INFO - [2026-01-06T06:44:26.024+0000] {dagbag.py:538} INFO - Filling up the DagBag from /opt/airflow/dags/first_dag.py
[2026-01-06T06:44:26.048+0000] {processor.py:840} INFO - DAG(s) 'my_first_dag' retrieved from /opt/airflow/dags/first_dag.py
[2026-01-06T06:44:26.072+0000] {logging_mixin.py:188} INFO - [2026-01-06T06:44:26.071+0000] {dag.py:3036} INFO - Sync 1 DAGs
[2026-01-06T06:44:26.096+0000] {logging_mixin.py:188} INFO - [2026-01-06T06:44:26.096+0000] {dag.py:3823} INFO - Setting next_dagrun for my_first_dag to 2026-01-05 00:00:00+00:00, run_after=2026-01-06 00:00:00+00:00
[2026-01-06T06:44:26.108+0000] {processor.py:183} INFO - Processing /opt/airflow/dags/first_dag.py took 0.097 seconds
[2026-01-06T06:44:56.368+0000] {processor.py:161} INFO - Started process (PID=183) to work on /opt/airflow/dags/first_dag.py
[2026-01-06T06:44:56.370+0000] {processor.py:830} INFO - Processing file /opt/airflow/dags/first_dag.py for tasks to queue
[2026-01-06T06:44:56.372+0000] {logging_mixin.py:188} INFO - [2026-01-06T06:44:56.371+0000] {dagbag.py:538} INFO - Filling up the DagBag from /opt/airflow/dags/first_dag.py
[2026-01-06T06:44:56.391+0000] {processor.py:840} INFO - DAG(s) 'my_first_dag' retrieved from /opt/airflow/dags/first_dag.py
[2026-01-06T06:44:56.524+0000] {logging_mixin.py:188} INFO - [2026-01-06T06:44:56.524+0000] {dag.py:3036} INFO - Sync 1 DAGs
[2026-01-06T06:44:56.539+0000] {logging_mixin.py:188} INFO - [2026-01-06T06:44:56.539+0000] {dag.py:3823} INFO - Setting next_dagrun for my_first_dag to 2026-01-05 00:00:00+00:00, run_after=2026-01-06 00:00:00+00:00
[2026-01-06T06:44:56.552+0000] {processor.py:183} INFO - Processing /opt/airflow/dags/first_dag.py took 0.189 seconds
[2026-01-06T06:45:26.702+0000] {processor.py:161} INFO - Started process (PID=188) to work on /opt/airflow/dags/first_dag.py
[2026-01-06T06:45:26.703+0000] {processor.py:830} INFO - Processing file /opt/airflow/dags/first_dag.py for tasks to queue
[2026-01-06T06:45:26.706+0000] {logging_mixin.py:188} INFO - [2026-01-06T06:45:26.705+0000] {dagbag.py:538} INFO - Filling up the DagBag from /opt/airflow/dags/first_dag.py
[2026-01-06T06:45:26.727+0000] {processor.py:840} INFO - DAG(s) 'my_first_dag' retrieved from /opt/airflow/dags/first_dag.py
[2026-01-06T06:45:26.771+0000] {logging_mixin.py:188} INFO - [2026-01-06T06:45:26.771+0000] {dag.py:3036} INFO - Sync 1 DAGs
[2026-01-06T06:45:26.793+0000] {logging_mixin.py:188} INFO - [2026-01-06T06:45:26.793+0000] {dag.py:3823} INFO - Setting next_dagrun for my_first_dag to 2026-01-05 00:00:00+00:00, run_after=2026-01-06 00:00:00+00:00
[2026-01-06T06:45:26.807+0000] {processor.py:183} INFO - Processing /opt/airflow/dags/first_dag.py took 0.113 seconds
[2026-01-06T06:45:57.255+0000] {processor.py:161} INFO - Started process (PID=193) to work on /opt/airflow/dags/first_dag.py
[2026-01-06T06:45:57.256+0000] {processor.py:830} INFO - Processing file /opt/airflow/dags/first_dag.py for tasks to queue
[2026-01-06T06:45:57.258+0000] {logging_mixin.py:188} INFO - [2026-01-06T06:45:57.258+0000] {dagbag.py:538} INFO - Filling up the DagBag from /opt/airflow/dags/first_dag.py
[2026-01-06T06:45:57.280+0000] {processor.py:840} INFO - DAG(s) 'my_first_dag' retrieved from /opt/airflow/dags/first_dag.py
[2026-01-06T06:45:57.331+0000] {logging_mixin.py:188} INFO - [2026-01-06T06:45:57.331+0000] {dag.py:3036} INFO - Sync 1 DAGs
[2026-01-06T06:45:57.353+0000] {logging_mixin.py:188} INFO - [2026-01-06T06:45:57.353+0000] {dag.py:3823} INFO - Setting next_dagrun for my_first_dag to 2026-01-05 00:00:00+00:00, run_after=2026-01-06 00:00:00+00:00
[2026-01-06T06:45:57.368+0000] {processor.py:183} INFO - Processing /opt/airflow/dags/first_dag.py took 0.121 seconds
[2026-01-06T06:46:27.569+0000] {processor.py:161} INFO - Started process (PID=198) to work on /opt/airflow/dags/first_dag.py
[2026-01-06T06:46:27.596+0000] {processor.py:830} INFO - Processing file /opt/airflow/dags/first_dag.py for tasks to queue
[2026-01-06T06:46:27.598+0000] {logging_mixin.py:188} INFO - [2026-01-06T06:46:27.597+0000] {dagbag.py:538} INFO - Filling up the DagBag from /opt/airflow/dags/first_dag.py
[2026-01-06T06:46:27.619+0000] {processor.py:840} INFO - DAG(s) 'my_first_dag' retrieved from /opt/airflow/dags/first_dag.py
[2026-01-06T06:46:27.642+0000] {logging_mixin.py:188} INFO - [2026-01-06T06:46:27.642+0000] {dag.py:3036} INFO - Sync 1 DAGs
[2026-01-06T06:46:27.676+0000] {logging_mixin.py:188} INFO - [2026-01-06T06:46:27.676+0000] {dag.py:3823} INFO - Setting next_dagrun for my_first_dag to 2026-01-05 00:00:00+00:00, run_after=2026-01-06 00:00:00+00:00
[2026-01-06T06:46:27.691+0000] {processor.py:183} INFO - Processing /opt/airflow/dags/first_dag.py took 0.132 seconds
[2026-01-06T06:46:57.945+0000] {processor.py:161} INFO - Started process (PID=203) to work on /opt/airflow/dags/first_dag.py
[2026-01-06T06:46:57.947+0000] {processor.py:830} INFO - Processing file /opt/airflow/dags/first_dag.py for tasks to queue
[2026-01-06T06:46:57.948+0000] {logging_mixin.py:188} INFO - [2026-01-06T06:46:57.948+0000] {dagbag.py:538} INFO - Filling up the DagBag from /opt/airflow/dags/first_dag.py
[2026-01-06T06:46:57.974+0000] {processor.py:840} INFO - DAG(s) 'my_first_dag' retrieved from /opt/airflow/dags/first_dag.py
[2026-01-06T06:46:58.092+0000] {logging_mixin.py:188} INFO - [2026-01-06T06:46:58.092+0000] {dag.py:3036} INFO - Sync 1 DAGs
[2026-01-06T06:46:58.109+0000] {logging_mixin.py:188} INFO - [2026-01-06T06:46:58.108+0000] {dag.py:3823} INFO - Setting next_dagrun for my_first_dag to 2026-01-05 00:00:00+00:00, run_after=2026-01-06 00:00:00+00:00
[2026-01-06T06:46:58.120+0000] {processor.py:183} INFO - Processing /opt/airflow/dags/first_dag.py took 0.181 seconds
[2026-01-06T06:47:28.288+0000] {processor.py:161} INFO - Started process (PID=208) to work on /opt/airflow/dags/first_dag.py
[2026-01-06T06:47:28.291+0000] {processor.py:830} INFO - Processing file /opt/airflow/dags/first_dag.py for tasks to queue
[2026-01-06T06:47:28.293+0000] {logging_mixin.py:188} INFO - [2026-01-06T06:47:28.292+0000] {dagbag.py:538} INFO - Filling up the DagBag from /opt/airflow/dags/first_dag.py
[2026-01-06T06:47:28.323+0000] {processor.py:840} INFO - DAG(s) 'my_first_dag' retrieved from /opt/airflow/dags/first_dag.py
[2026-01-06T06:47:28.390+0000] {logging_mixin.py:188} INFO - [2026-01-06T06:47:28.390+0000] {dag.py:3036} INFO - Sync 1 DAGs
[2026-01-06T06:47:28.415+0000] {logging_mixin.py:188} INFO - [2026-01-06T06:47:28.415+0000] {dag.py:3823} INFO - Setting next_dagrun for my_first_dag to 2026-01-05 00:00:00+00:00, run_after=2026-01-06 00:00:00+00:00
[2026-01-06T06:47:28.427+0000] {processor.py:183} INFO - Processing /opt/airflow/dags/first_dag.py took 0.145 seconds
[2026-01-06T06:47:58.683+0000] {processor.py:161} INFO - Started process (PID=213) to work on /opt/airflow/dags/first_dag.py
[2026-01-06T06:47:58.685+0000] {processor.py:830} INFO - Processing file /opt/airflow/dags/first_dag.py for tasks to queue
[2026-01-06T06:47:58.687+0000] {logging_mixin.py:188} INFO - [2026-01-06T06:47:58.686+0000] {dagbag.py:538} INFO - Filling up the DagBag from /opt/airflow/dags/first_dag.py
[2026-01-06T06:47:58.710+0000] {processor.py:840} INFO - DAG(s) 'my_first_dag' retrieved from /opt/airflow/dags/first_dag.py
[2026-01-06T06:47:58.765+0000] {logging_mixin.py:188} INFO - [2026-01-06T06:47:58.765+0000] {dag.py:3036} INFO - Sync 1 DAGs
[2026-01-06T06:47:58.789+0000] {logging_mixin.py:188} INFO - [2026-01-06T06:47:58.789+0000] {dag.py:3823} INFO - Setting next_dagrun for my_first_dag to 2026-01-05 00:00:00+00:00, run_after=2026-01-06 00:00:00+00:00
[2026-01-06T06:47:58.806+0000] {processor.py:183} INFO - Processing /opt/airflow/dags/first_dag.py took 0.129 seconds
[2026-01-06T06:48:29.014+0000] {processor.py:161} INFO - Started process (PID=222) to work on /opt/airflow/dags/first_dag.py
[2026-01-06T06:48:29.017+0000] {processor.py:830} INFO - Processing file /opt/airflow/dags/first_dag.py for tasks to queue
[2026-01-06T06:48:29.019+0000] {logging_mixin.py:188} INFO - [2026-01-06T06:48:29.018+0000] {dagbag.py:538} INFO - Filling up the DagBag from /opt/airflow/dags/first_dag.py
[2026-01-06T06:48:29.049+0000] {processor.py:840} INFO - DAG(s) 'my_first_dag' retrieved from /opt/airflow/dags/first_dag.py
[2026-01-06T06:48:29.123+0000] {logging_mixin.py:188} INFO - [2026-01-06T06:48:29.123+0000] {dag.py:3036} INFO - Sync 1 DAGs
[2026-01-06T06:48:29.157+0000] {logging_mixin.py:188} INFO - [2026-01-06T06:48:29.156+0000] {dag.py:3823} INFO - Setting next_dagrun for my_first_dag to 2026-01-06 00:00:00+00:00, run_after=2026-01-07 00:00:00+00:00
[2026-01-06T06:48:29.174+0000] {processor.py:183} INFO - Processing /opt/airflow/dags/first_dag.py took 0.167 seconds
[2026-01-06T06:48:59.424+0000] {processor.py:161} INFO - Started process (PID=227) to work on /opt/airflow/dags/first_dag.py
[2026-01-06T06:48:59.427+0000] {processor.py:830} INFO - Processing file /opt/airflow/dags/first_dag.py for tasks to queue
[2026-01-06T06:48:59.429+0000] {logging_mixin.py:188} INFO - [2026-01-06T06:48:59.428+0000] {dagbag.py:538} INFO - Filling up the DagBag from /opt/airflow/dags/first_dag.py
[2026-01-06T06:48:59.462+0000] {processor.py:840} INFO - DAG(s) 'my_first_dag' retrieved from /opt/airflow/dags/first_dag.py
[2026-01-06T06:48:59.530+0000] {logging_mixin.py:188} INFO - [2026-01-06T06:48:59.530+0000] {dag.py:3036} INFO - Sync 1 DAGs
[2026-01-06T06:48:59.558+0000] {logging_mixin.py:188} INFO - [2026-01-06T06:48:59.558+0000] {dag.py:3823} INFO - Setting next_dagrun for my_first_dag to 2026-01-06 00:00:00+00:00, run_after=2026-01-07 00:00:00+00:00
[2026-01-06T06:48:59.571+0000] {processor.py:183} INFO - Processing /opt/airflow/dags/first_dag.py took 0.162 seconds
[2026-01-06T06:49:29.770+0000] {processor.py:161} INFO - Started process (PID=232) to work on /opt/airflow/dags/first_dag.py
[2026-01-06T06:49:29.772+0000] {processor.py:830} INFO - Processing file /opt/airflow/dags/first_dag.py for tasks to queue
[2026-01-06T06:49:29.774+0000] {logging_mixin.py:188} INFO - [2026-01-06T06:49:29.773+0000] {dagbag.py:538} INFO - Filling up the DagBag from /opt/airflow/dags/first_dag.py
[2026-01-06T06:49:29.800+0000] {processor.py:840} INFO - DAG(s) 'my_first_dag' retrieved from /opt/airflow/dags/first_dag.py
[2026-01-06T06:49:29.847+0000] {logging_mixin.py:188} INFO - [2026-01-06T06:49:29.846+0000] {dag.py:3036} INFO - Sync 1 DAGs
[2026-01-06T06:49:29.874+0000] {logging_mixin.py:188} INFO - [2026-01-06T06:49:29.874+0000] {dag.py:3823} INFO - Setting next_dagrun for my_first_dag to 2026-01-06 00:00:00+00:00, run_after=2026-01-07 00:00:00+00:00
[2026-01-06T06:49:29.890+0000] {processor.py:183} INFO - Processing /opt/airflow/dags/first_dag.py took 0.130 seconds
[2026-01-06T06:50:00.188+0000] {processor.py:161} INFO - Started process (PID=237) to work on /opt/airflow/dags/first_dag.py
[2026-01-06T06:50:00.190+0000] {processor.py:830} INFO - Processing file /opt/airflow/dags/first_dag.py for tasks to queue
[2026-01-06T06:50:00.192+0000] {logging_mixin.py:188} INFO - [2026-01-06T06:50:00.192+0000] {dagbag.py:538} INFO - Filling up the DagBag from /opt/airflow/dags/first_dag.py
[2026-01-06T06:50:00.214+0000] {processor.py:840} INFO - DAG(s) 'my_first_dag' retrieved from /opt/airflow/dags/first_dag.py
[2026-01-06T06:50:00.257+0000] {logging_mixin.py:188} INFO - [2026-01-06T06:50:00.257+0000] {dag.py:3036} INFO - Sync 1 DAGs
[2026-01-06T06:50:00.284+0000] {logging_mixin.py:188} INFO - [2026-01-06T06:50:00.284+0000] {dag.py:3823} INFO - Setting next_dagrun for my_first_dag to 2026-01-06 00:00:00+00:00, run_after=2026-01-07 00:00:00+00:00
[2026-01-06T06:50:00.298+0000] {processor.py:183} INFO - Processing /opt/airflow/dags/first_dag.py took 0.117 seconds
