[2026-01-06T06:42:54.785+0000] {manager.py:469} INFO - Processing files using up to 2 processes at a time 
[2026-01-06T06:42:54.786+0000] {manager.py:470} INFO - Process each file at most once every 30 seconds
[2026-01-06T06:42:54.788+0000] {manager.py:471} INFO - Checking for new files in /opt/airflow/dags every 300 seconds
[2026-01-06T06:42:54.789+0000] {manager.py:738} INFO - Searching for files in /opt/airflow/dags
[2026-01-06T06:42:54.797+0000] {manager.py:741} INFO - There are 1 files in /opt/airflow/dags
[2026-01-06T06:42:54.901+0000] {manager.py:879} INFO - 
================================================================================
DAG File Processing Stats

File Path                         PID  Runtime      # DAGs    # Errors  Last Runtime    Last Run
------------------------------  -----  ---------  --------  ----------  --------------  ----------
/opt/airflow/dags/first_dag.py    163  0.05s             0           0
================================================================================
[2026-01-06T06:43:25.265+0000] {manager.py:879} INFO - 
================================================================================
DAG File Processing Stats

File Path                         PID  Runtime      # DAGs    # Errors  Last Runtime    Last Run
------------------------------  -----  ---------  --------  ----------  --------------  -------------------
/opt/airflow/dags/first_dag.py    168  0.01s             1           0  0.34s           2026-01-06T06:42:55
================================================================================
[2026-01-06T06:43:55.580+0000] {manager.py:879} INFO - 
================================================================================
DAG File Processing Stats

File Path                         PID  Runtime      # DAGs    # Errors  Last Runtime    Last Run
------------------------------  -----  ---------  --------  ----------  --------------  -------------------
/opt/airflow/dags/first_dag.py    173  0.01s             1           0  0.30s           2026-01-06T06:43:25
================================================================================
[2026-01-06T06:44:25.757+0000] {manager.py:879} INFO - 
================================================================================
DAG File Processing Stats

File Path                       PID    Runtime      # DAGs    # Errors  Last Runtime    Last Run
------------------------------  -----  ---------  --------  ----------  --------------  -------------------
/opt/airflow/dags/first_dag.py                           1           0  0.20s           2026-01-06T06:43:55
================================================================================
[2026-01-06T06:44:56.345+0000] {manager.py:879} INFO - 
================================================================================
DAG File Processing Stats

File Path                         PID  Runtime      # DAGs    # Errors  Last Runtime    Last Run
------------------------------  -----  ---------  --------  ----------  --------------  -------------------
/opt/airflow/dags/first_dag.py    183  0.02s             1           0  0.16s           2026-01-06T06:44:26
================================================================================
[2026-01-06T06:45:26.680+0000] {manager.py:879} INFO - 
================================================================================
DAG File Processing Stats

File Path                         PID  Runtime      # DAGs    # Errors  Last Runtime    Last Run
------------------------------  -----  ---------  --------  ----------  --------------  -------------------
/opt/airflow/dags/first_dag.py    188  0.02s             1           0  0.25s           2026-01-06T06:44:56
================================================================================
[2026-01-06T06:45:57.232+0000] {manager.py:879} INFO - 
================================================================================
DAG File Processing Stats

File Path                         PID  Runtime      # DAGs    # Errors  Last Runtime    Last Run
------------------------------  -----  ---------  --------  ----------  --------------  -------------------
/opt/airflow/dags/first_dag.py    193  0.03s             1           0  0.16s           2026-01-06T06:45:26
================================================================================
[2026-01-06T06:46:27.542+0000] {manager.py:879} INFO - 
================================================================================
DAG File Processing Stats

File Path                         PID  Runtime      # DAGs    # Errors  Last Runtime    Last Run
------------------------------  -----  ---------  --------  ----------  --------------  -------------------
/opt/airflow/dags/first_dag.py    198  0.02s             1           0  0.18s           2026-01-06T06:45:57
================================================================================
[2026-01-06T06:46:57.922+0000] {manager.py:879} INFO - 
================================================================================
DAG File Processing Stats

File Path                         PID  Runtime      # DAGs    # Errors  Last Runtime    Last Run
------------------------------  -----  ---------  --------  ----------  --------------  -------------------
/opt/airflow/dags/first_dag.py    203  0.03s             1           0  0.18s           2026-01-06T06:46:27
================================================================================
[2026-01-06T06:47:28.255+0000] {manager.py:879} INFO - 
================================================================================
DAG File Processing Stats

File Path                         PID  Runtime      # DAGs    # Errors  Last Runtime    Last Run
------------------------------  -----  ---------  --------  ----------  --------------  -------------------
/opt/airflow/dags/first_dag.py    208  0.03s             1           0  0.25s           2026-01-06T06:46:58
================================================================================
[2026-01-06T06:47:55.555+0000] {manager.py:738} INFO - Searching for files in /opt/airflow/dags
[2026-01-06T06:47:55.573+0000] {manager.py:741} INFO - There are 1 files in /opt/airflow/dags
[2026-01-06T06:47:58.658+0000] {manager.py:879} INFO - 
================================================================================
DAG File Processing Stats

File Path                         PID  Runtime      # DAGs    # Errors  Last Runtime    Last Run
------------------------------  -----  ---------  --------  ----------  --------------  -------------------
/opt/airflow/dags/first_dag.py    213  0.02s             1           0  0.23s           2026-01-06T06:47:28
================================================================================
[2026-01-06T06:48:28.988+0000] {manager.py:879} INFO - 
================================================================================
DAG File Processing Stats

File Path                         PID  Runtime      # DAGs    # Errors  Last Runtime    Last Run
------------------------------  -----  ---------  --------  ----------  --------------  -------------------
/opt/airflow/dags/first_dag.py    222  0.03s             1           0  0.19s           2026-01-06T06:47:58
================================================================================
[2026-01-06T06:48:59.383+0000] {manager.py:879} INFO - 
================================================================================
DAG File Processing Stats

File Path                         PID  Runtime      # DAGs    # Errors  Last Runtime    Last Run
------------------------------  -----  ---------  --------  ----------  --------------  -------------------
/opt/airflow/dags/first_dag.py    227  0.03s             1           0  0.24s           2026-01-06T06:48:29
================================================================================
[2026-01-06T06:49:29.743+0000] {manager.py:879} INFO - 
================================================================================
DAG File Processing Stats

File Path                         PID  Runtime      # DAGs    # Errors  Last Runtime    Last Run
------------------------------  -----  ---------  --------  ----------  --------------  -------------------
/opt/airflow/dags/first_dag.py    232  0.03s             1           0  0.24s           2026-01-06T06:48:59
================================================================================
[2026-01-06T06:50:00.160+0000] {manager.py:879} INFO - 
================================================================================
DAG File Processing Stats

File Path                         PID  Runtime      # DAGs    # Errors  Last Runtime    Last Run
------------------------------  -----  ---------  --------  ----------  --------------  -------------------
/opt/airflow/dags/first_dag.py    237  0.04s             1           0  0.20s           2026-01-06T06:49:29
================================================================================
[2026-01-06T06:50:26.641+0000] {manager.py:451} INFO - Exiting gracefully upon receiving signal 15
